INFO: Lists updated 1247273 times (every ~160.349819 steps)
INFO: Aggregated I/O statistics (set debug=1 for file-wise information)
	 13.174 MB written to files
	 62.000  B written to stdout/stderr
	For a total of 0.000233 MB/s

INFO: Lists updated 1255080 times (every ~159.352392 steps)
INFO: Aggregated I/O statistics (set debug=1 for file-wise information)
	 13.159 MB written to files
	 62.000  B written to stdout/stderr
	For a total of 0.000232 MB/s

INFO: Lists updated 1254061 times (every ~159.481875 steps)
INFO: Aggregated I/O statistics (set debug=1 for file-wise information)
	 13.156 MB written to files
	 62.000  B written to stdout/stderr
	For a total of  0.00023 MB/s

INFO: Lists updated 1254184 times (every ~159.466235 steps)
INFO: Aggregated I/O statistics (set debug=1 for file-wise information)
	 13.144 MB written to files
	 62.000  B written to stdout/stderr
	For a total of  0.00023 MB/s

INFO: Lists updated 1255761 times (every ~159.265975 steps)
INFO: Aggregated I/O statistics (set debug=1 for file-wise information)
	 13.144 MB written to files
	 62.000  B written to stdout/stderr
	For a total of 0.000228 MB/s

INFO: Lists updated 1252106 times (every ~159.730885 steps)
INFO: Aggregated I/O statistics (set debug=1 for file-wise information)
	 13.163 MB written to files
	 62.000  B written to stdout/stderr
	For a total of 0.000232 MB/s

INFO: Lists updated 1256457 times (every ~159.177751 steps)
INFO: Aggregated I/O statistics (set debug=1 for file-wise information)
	 13.141 MB written to files
	 62.000  B written to stdout/stderr
	For a total of 0.000229 MB/s

INFO: Lists updated 1247947 times (every ~160.263216 steps)
INFO: Aggregated I/O statistics (set debug=1 for file-wise information)
	 13.172 MB written to files
	 62.000  B written to stdout/stderr
	For a total of 0.000231 MB/s

INFO: Lists updated 1248329 times (every ~160.214174 steps)
INFO: Aggregated I/O statistics (set debug=1 for file-wise information)
	 13.167 MB written to files
	 62.000  B written to stdout/stderr
	For a total of 0.000232 MB/s

INFO: Lists updated 1251313 times (every ~159.832112 steps)
INFO: Aggregated I/O statistics (set debug=1 for file-wise information)
	 13.179 MB written to files
	 62.000  B written to stdout/stderr
	For a total of  0.00023 MB/s

INFO: Lists updated 1246879 times (every ~160.400488 steps)
INFO: Aggregated I/O statistics (set debug=1 for file-wise information)
	 13.169 MB written to files
	 62.000  B written to stdout/stderr
	For a total of  0.00023 MB/s

INFO: Lists updated 1250974 times (every ~159.875425 steps)
INFO: Aggregated I/O statistics (set debug=1 for file-wise information)
	 13.174 MB written to files
	 62.000  B written to stdout/stderr
	For a total of 0.000231 MB/s

INFO: Lists updated 1250042 times (every ~159.994624 steps)
INFO: Aggregated I/O statistics (set debug=1 for file-wise information)
	 13.178 MB written to files
	 62.000  B written to stdout/stderr
	For a total of  0.00023 MB/s

INFO: Lists updated 1252868 times (every ~159.633736 steps)
INFO: Aggregated I/O statistics (set debug=1 for file-wise information)
	 13.154 MB written to files
	 62.000  B written to stdout/stderr
	For a total of  0.00023 MB/s

INFO: Lists updated 1252026 times (every ~159.741092 steps)
INFO: Aggregated I/O statistics (set debug=1 for file-wise information)
	 13.158 MB written to files
	 62.000  B written to stdout/stderr
	For a total of 0.000228 MB/s

INFO: Lists updated 1253669 times (every ~159.531742 steps)
INFO: Aggregated I/O statistics (set debug=1 for file-wise information)
	 13.150 MB written to files
	 62.000  B written to stdout/stderr
	For a total of 0.000231 MB/s

INFO: Lists updated 1256424 times (every ~159.181932 steps)
INFO: Aggregated I/O statistics (set debug=1 for file-wise information)
	 13.156 MB written to files
	 62.000  B written to stdout/stderr
	For a total of 0.000229 MB/s

INFO: Lists updated 1247279 times (every ~160.349048 steps)
INFO: Aggregated I/O statistics (set debug=1 for file-wise information)
	 13.167 MB written to files
	 62.000  B written to stdout/stderr
	For a total of 0.000229 MB/s

INFO: Lists updated 1255840 times (every ~159.255956 steps)
INFO: Aggregated I/O statistics (set debug=1 for file-wise information)
	 13.150 MB written to files
	 62.000  B written to stdout/stderr
	For a total of 0.000232 MB/s

INFO: Lists updated 1252319 times (every ~159.703718 steps)
INFO: Aggregated I/O statistics (set debug=1 for file-wise information)
	 13.157 MB written to files
	 62.000  B written to stdout/stderr
	For a total of 0.000232 MB/s

INFO: Lists updated 1246646 times (every ~160.430467 steps)
INFO: Aggregated I/O statistics (set debug=1 for file-wise information)
	 13.173 MB written to files
	 62.000  B written to stdout/stderr
	For a total of 0.000229 MB/s

INFO: Lists updated 1253982 times (every ~159.491923 steps)
INFO: Aggregated I/O statistics (set debug=1 for file-wise information)
	 13.149 MB written to files
	 62.000  B written to stdout/stderr
	For a total of 0.000232 MB/s

INFO: Lists updated 1247931 times (every ~160.265271 steps)
INFO: Aggregated I/O statistics (set debug=1 for file-wise information)
	 13.170 MB written to files
	 62.000  B written to stdout/stderr
	For a total of 0.000228 MB/s

INFO: Lists updated 1248927 times (every ~160.137462 steps)
INFO: Aggregated I/O statistics (set debug=1 for file-wise information)
	 13.176 MB written to files
	 62.000  B written to stdout/stderr
	For a total of 0.000233 MB/s

INFO: Lists updated 1243875 times (every ~160.787861 steps)
INFO: Aggregated I/O statistics (set debug=1 for file-wise information)
	 13.162 MB written to files
	 62.000  B written to stdout/stderr
	For a total of 0.000229 MB/s

INFO: Lists updated 1253570 times (every ~159.544341 steps)
INFO: Aggregated I/O statistics (set debug=1 for file-wise information)
	 13.156 MB written to files
	 62.000  B written to stdout/stderr
	For a total of 0.000228 MB/s

INFO: Lists updated 1250210 times (every ~159.973125 steps)
INFO: Aggregated I/O statistics (set debug=1 for file-wise information)
	 13.171 MB written to files
	 62.000  B written to stdout/stderr
	For a total of 0.000232 MB/s

INFO: Lists updated 1255187 times (every ~159.338808 steps)
INFO: Aggregated I/O statistics (set debug=1 for file-wise information)
	 13.158 MB written to files
	 62.000  B written to stdout/stderr
	For a total of 0.000229 MB/s

INFO: Lists updated 1251504 times (every ~159.807719 steps)
INFO: Aggregated I/O statistics (set debug=1 for file-wise information)
	 13.154 MB written to files
	 62.000  B written to stdout/stderr
	For a total of 0.000229 MB/s

INFO: Lists updated 1252809 times (every ~159.641254 steps)
INFO: Aggregated I/O statistics (set debug=1 for file-wise information)
	 13.153 MB written to files
	 62.000  B written to stdout/stderr
	For a total of 0.000231 MB/s

INFO: Lists updated 1251416 times (every ~159.818957 steps)
INFO: Aggregated I/O statistics (set debug=1 for file-wise information)
	 13.154 MB written to files
	 62.000  B written to stdout/stderr
	For a total of 0.000231 MB/s

INFO: Lists updated 1241591 times (every ~161.083642 steps)
INFO: Aggregated I/O statistics (set debug=1 for file-wise information)
	 13.174 MB written to files
	 62.000  B written to stdout/stderr
	For a total of 0.000228 MB/s

INFO: Lists updated 1247643 times (every ~160.302266 steps)
INFO: Aggregated I/O statistics (set debug=1 for file-wise information)
	 13.176 MB written to files
	 62.000  B written to stdout/stderr
	For a total of 0.000231 MB/s

INFO: Lists updated 1253904 times (every ~159.501844 steps)
INFO: Aggregated I/O statistics (set debug=1 for file-wise information)
	 13.157 MB written to files
	 62.000  B written to stdout/stderr
	For a total of 0.000229 MB/s

INFO: Lists updated 1247853 times (every ~160.275289 steps)
INFO: Aggregated I/O statistics (set debug=1 for file-wise information)
	 13.169 MB written to files
	 62.000  B written to stdout/stderr
	For a total of  0.00023 MB/s

INFO: Lists updated 1251585 times (every ~159.797377 steps)
INFO: Aggregated I/O statistics (set debug=1 for file-wise information)
	 13.166 MB written to files
	 62.000  B written to stdout/stderr
	For a total of 0.000229 MB/s

INFO: Lists updated 1250908 times (every ~159.883860 steps)
INFO: Aggregated I/O statistics (set debug=1 for file-wise information)
	 13.149 MB written to files
	 62.000  B written to stdout/stderr
	For a total of 0.000229 MB/s

INFO: Lists updated 1252288 times (every ~159.707671 steps)
INFO: Aggregated I/O statistics (set debug=1 for file-wise information)
	 13.159 MB written to files
	 62.000  B written to stdout/stderr
	For a total of 0.000229 MB/s

INFO: Lists updated 1251175 times (every ~159.849741 steps)
INFO: Aggregated I/O statistics (set debug=1 for file-wise information)
	 13.166 MB written to files
	 62.000  B written to stdout/stderr
	For a total of 0.000231 MB/s

INFO: Lists updated 1245328 times (every ~160.600260 steps)
INFO: Aggregated I/O statistics (set debug=1 for file-wise information)
	 13.171 MB written to files
	 62.000  B written to stdout/stderr
	For a total of 0.000229 MB/s

INFO: Lists updated 1248137 times (every ~160.238820 steps)
INFO: Aggregated I/O statistics (set debug=1 for file-wise information)
	 13.173 MB written to files
	 62.000  B written to stdout/stderr
	For a total of  0.00023 MB/s

INFO: Lists updated 1246720 times (every ~160.420945 steps)
INFO: Aggregated I/O statistics (set debug=1 for file-wise information)
	 13.166 MB written to files
	 62.000  B written to stdout/stderr
	For a total of  0.00023 MB/s

INFO: Lists updated 1256022 times (every ~159.232880 steps)
INFO: Aggregated I/O statistics (set debug=1 for file-wise information)
	 13.154 MB written to files
	 62.000  B written to stdout/stderr
	For a total of 0.000229 MB/s

INFO: Lists updated 1254461 times (every ~159.431023 steps)
INFO: Aggregated I/O statistics (set debug=1 for file-wise information)
	 13.149 MB written to files
	 62.000  B written to stdout/stderr
	For a total of  0.00023 MB/s

INFO: Lists updated 1248079 times (every ~160.246266 steps)
INFO: Aggregated I/O statistics (set debug=1 for file-wise information)
	 13.170 MB written to files
	 62.000  B written to stdout/stderr
	For a total of  0.00023 MB/s

INFO: Lists updated 1247358 times (every ~160.338892 steps)
INFO: Aggregated I/O statistics (set debug=1 for file-wise information)
	 13.177 MB written to files
	 62.000  B written to stdout/stderr
	For a total of 0.000229 MB/s

INFO: Lists updated 1250540 times (every ~159.930910 steps)
INFO: Aggregated I/O statistics (set debug=1 for file-wise information)
	 13.166 MB written to files
	 62.000  B written to stdout/stderr
	For a total of 0.000229 MB/s

INFO: Lists updated 1250345 times (every ~159.955852 steps)
INFO: Aggregated I/O statistics (set debug=1 for file-wise information)
	 13.178 MB written to files
	 62.000  B written to stdout/stderr
	For a total of 0.000228 MB/s

INFO: Lists updated 1249978 times (every ~160.002816 steps)
INFO: Aggregated I/O statistics (set debug=1 for file-wise information)
	 13.175 MB written to files
	 62.000  B written to stdout/stderr
	For a total of  0.00023 MB/s

INFO: Lists updated 1254789 times (every ~159.389348 steps)
INFO: Aggregated I/O statistics (set debug=1 for file-wise information)
	 13.143 MB written to files
	 62.000  B written to stdout/stderr
	For a total of 0.000197 MB/s

INFO: Lists updated 1248177 times (every ~160.233685 steps)
INFO: Aggregated I/O statistics (set debug=1 for file-wise information)
	 13.174 MB written to files
	 62.000  B written to stdout/stderr
	For a total of 0.000196 MB/s

INFO: Lists updated 1251012 times (every ~159.870569 steps)
INFO: Aggregated I/O statistics (set debug=1 for file-wise information)
	 13.141 MB written to files
	 62.000  B written to stdout/stderr
	For a total of 0.000197 MB/s

INFO: Lists updated 1252297 times (every ~159.706523 steps)
INFO: Aggregated I/O statistics (set debug=1 for file-wise information)
	 13.154 MB written to files
	 62.000  B written to stdout/stderr
	For a total of 0.000197 MB/s

INFO: Lists updated 1251793 times (every ~159.770825 steps)
INFO: Aggregated I/O statistics (set debug=1 for file-wise information)
	 13.158 MB written to files
	 62.000  B written to stdout/stderr
	For a total of 0.000196 MB/s

INFO: Lists updated 1255983 times (every ~159.237824 steps)
INFO: Aggregated I/O statistics (set debug=1 for file-wise information)
	 13.134 MB written to files
	 62.000  B written to stdout/stderr
	For a total of 0.000197 MB/s

INFO: Lists updated 1245375 times (every ~160.594199 steps)
INFO: Aggregated I/O statistics (set debug=1 for file-wise information)
	 13.178 MB written to files
	 62.000  B written to stdout/stderr
	For a total of 0.000197 MB/s

INFO: Lists updated 1247551 times (every ~160.314087 steps)
INFO: Aggregated I/O statistics (set debug=1 for file-wise information)
	 13.165 MB written to files
	 62.000  B written to stdout/stderr
	For a total of 0.000198 MB/s

slurmstepd-all: error: *** JOB 7757 ON all CANCELLED AT 2023-11-13T13:39:54 ***
