k05_xmax70_nwin100_45C
Input file modified in 0
Input file modified in 1
Input file modified in 2
Input file modified in 3
Input file modified in 4
Input file modified in 5
Input file modified in 6
Input file modified in 7
Input file modified in 8
Input file modified in 9
Input file modified in 10
Input file modified in 11
Input file modified in 12
Input file modified in 13
Input file modified in 14
Input file modified in 15
Input file modified in 16
Input file modified in 17
Input file modified in 18
Input file modified in 19
Input file modified in 20
Input file modified in 21
Input file modified in 22
Input file modified in 23
Input file modified in 24
Input file modified in 25
Input file modified in 26
Input file modified in 27
Input file modified in 28
Input file modified in 29
Input file modified in 30
Input file modified in 31
Input file modified in 32
Input file modified in 33
Input file modified in 34
Input file modified in 35
Input file modified in 36
Input file modified in 37
Input file modified in 38
Input file modified in 39
Input file modified in 40
Input file modified in 41
Input file modified in 42
Input file modified in 43
Input file modified in 44
Input file modified in 45
Input file modified in 46
Input file modified in 47
Input file modified in 48
Input file modified in 49
Input file modified in 50
Input file modified in 51
Input file modified in 52
Input file modified in 53
Input file modified in 54
Input file modified in 55
Input file modified in 56
Input file modified in 57
Input file modified in 58
Input file modified in 59
Input file modified in 60
Input file modified in 61
Input file modified in 62
Input file modified in 63
Input file modified in 64
Input file modified in 65
Input file modified in 66
Input file modified in 67
Input file modified in 68
Input file modified in 69
Input file modified in 70
Input file modified in 71
Input file modified in 72
Input file modified in 73
Input file modified in 74
Input file modified in 75
Input file modified in 76
Input file modified in 77
Input file modified in 78
Input file modified in 79
Input file modified in 80
Input file modified in 81
Input file modified in 82
Input file modified in 83
Input file modified in 84
Input file modified in 85
Input file modified in 86
Input file modified in 87
Input file modified in 88
Input file modified in 89
Input file modified in 90
Input file modified in 91
Input file modified in 92
Input file modified in 93
Input file modified in 94
Input file modified in 95
Input file modified in 96
Input file modified in 97
Input file modified in 98
Input file modified in 99
Input file modified in 0
Input file modified in 1
Input file modified in 2
Input file modified in 3
Input file modified in 4
Input file modified in 5
Input file modified in 6
Input file modified in 7
Input file modified in 8
Input file modified in 9
Input file modified in 10
Input file modified in 11
Input file modified in 12
Input file modified in 13
Input file modified in 14
Input file modified in 15
Input file modified in 16
Input file modified in 17
Input file modified in 18
Input file modified in 19
Input file modified in 20
Input file modified in 21
Input file modified in 22
Input file modified in 23
Input file modified in 24
Input file modified in 25
Input file modified in 26
Input file modified in 27
Input file modified in 28
Input file modified in 29
Input file modified in 30
Input file modified in 31
Input file modified in 32
Input file modified in 33
Input file modified in 34
Input file modified in 35
Input file modified in 36
Input file modified in 37
Input file modified in 38
Input file modified in 39
Input file modified in 40
Input file modified in 41
Input file modified in 42
Input file modified in 43
Input file modified in 44
Input file modified in 45
Input file modified in 46
Input file modified in 47
Input file modified in 48
Input file modified in 49
Input file modified in 50
Input file modified in 51
Input file modified in 52
Input file modified in 53
Input file modified in 54
Input file modified in 55
Input file modified in 56
Input file modified in 57
Running: 14
Run time: 74670.21610275283
Finished: 14
Input file modified in 58
Running: 47
Run time: 74743.67100748792
Finished: 47
Input file modified in 59
Running: 51
Run time: 74786.16501407884
Finished: 51
Input file modified in 60
Running: 53
Run time: 74806.63236401044
Finished: 53
Input file modified in 61
Running: 54
Run time: 74946.94932453707
Finished: 54
Input file modified in 62
Running: 27
Run time: 75022.09461566433
Finished: 27
Running: 55
Run time: 75116.18820515834
Finished: 55
Input file modified in 63
Input file modified in 64
Running: 10
Run time: 75164.50213295594
Finished: 10
Running: 12
Run time: 75207.76652893238
Finished: 12
Input file modified in 65
Running: 30
Run time: 75280.824225666
Finished: 30
Input file modified in 66
Running: 5
Run time: 75349.84249107353
Finished: 5
Input file modified in 67
Running: 25
Run time: 75376.68470269628
Finished: 25
Input file modified in 68
Running: 18
Run time: 75406.6956594456
Finished: 18
Input file modified in 69
Running: 33
Run time: 75434.75365319848
Finished: 33
Input file modified in 70
Running: 38
Run time: 75470.17656851746
Finished: 38
Input file modified in 71
Running: 46
Run time: 75468.90604116209
Finished: 46
Input file modified in 72
Running: 52
Run time: 75501.8673012089
Finished: 52
Input file modified in 73
Running: 6
Run time: 75559.91403176077
Finished: 6
Input file modified in 74
Running: 44
Run time: 75524.95070146583
Finished: 44
Input file modified in 75
Running: 42
Run time: 75538.64419531077
Finished: 42
Input file modified in 76
Running: 4
Run time: 75637.38771412335
Finished: 4
Input file modified in 77
Running: 41
Run time: 75607.38740690053
Finished: 41
Input file modified in 78
Running: 19
Run time: 75630.00241628103
Finished: 19
Input file modified in 79
Running: 15
Run time: 75739.51544932462
Finished: 15
Input file modified in 80
Running: 1
Run time: 75781.81271969527
Finished: 1
Input file modified in 81
Running: 36
Run time: 75815.18916156702
Finished: 36
Input file modified in 82
Running: 26
Run time: 75869.03272051737
Finished: 26
Input file modified in 83
Running: 48
Run time: 75904.68391933665
Finished: 48
Input file modified in 84
Running: 37
Run time: 75944.65653114393
Finished: 37
Input file modified in 85
Running: 31
Run time: 75959.49843733013
Finished: 31
Input file modified in 86
Running: 43
Run time: 75976.52183578536
Finished: 43
Input file modified in 87
Running: 3
Run time: 76032.48847674951
Finished: 3
Input file modified in 88
Running: 9
Run time: 76067.42733953334
Finished: 9
Input file modified in 89
Running: 35
Run time: 76085.82567298412
Finished: 35
Input file modified in 90
Running: 11
Run time: 76126.79893385433
Finished: 11
Input file modified in 91
Running: 29
Run time: 76111.4051336404
Finished: 29
Input file modified in 92
Running: 34
Run time: 76115.71629220247
Finished: 34
Input file modified in 93
Running: 39
Run time: 76126.14116043784
Finished: 39
Input file modified in 94
Running: 28
Run time: 76158.38798150979
Finished: 28
Input file modified in 95
Running: 2
Run time: 76210.99435913935
Finished: 2
Input file modified in 96
Running: 20
Run time: 76227.36182303354
Finished: 20
Input file modified in 97
Running: 7
Run time: 76262.72733600996
Finished: 7
Input file modified in 98
Running: 50
Run time: 76223.35294689424
Finished: 50
Input file modified in 99
Running: 45
Run time: 76256.76546913199
Finished: 45
Running: 13
Run time: 76299.40782512166
Finished: 13
Running: 21
Run time: 76444.37786785327
Finished: 21
Running: 17
Run time: 76476.34126584232
Finished: 17
Running: 22
Run time: 76486.20042704977
Finished: 22
Running: 23
Run time: 76489.50287202932
Finished: 23
Running: 49
Run time: 83670.83895147592
Finished: 49
Running: 16
Run time: 84119.67514768802
Finished: 16
Running: 40
Run time: 84149.28345239349
Finished: 40
Running: 24
Run time: 84231.96704213135
Finished: 24
Running: 32
Run time: 84287.065171035
Finished: 32
Running: 56
Run time: 84520.06722882204
Finished: 56
Running: 0
Run time: 84627.0794889871
Finished: 0
Running: 8
Run time: 84625.93712594919
Finished: 8
