INFO: Lists updated 1228 times (every ~162.866450 steps)
INFO: Aggregated I/O statistics (set debug=1 for file-wise information)
	  3.752 MB written to files
	 62.000  B written to stdout/stderr
	For a total of   0.0697 MB/s

INFO: Lists updated 1231 times (every ~162.469537 steps)
INFO: Aggregated I/O statistics (set debug=1 for file-wise information)
	  3.751 MB written to files
	 62.000  B written to stdout/stderr
	For a total of   0.0597 MB/s

INFO: Lists updated 1216 times (every ~164.473684 steps)
INFO: Aggregated I/O statistics (set debug=1 for file-wise information)
	  3.752 MB written to files
	 62.000  B written to stdout/stderr
	For a total of   0.0567 MB/s

INFO: Lists updated 1229 times (every ~162.733930 steps)
INFO: Aggregated I/O statistics (set debug=1 for file-wise information)
	  3.752 MB written to files
	 62.000  B written to stdout/stderr
	For a total of   0.0595 MB/s

INFO: Lists updated 1229 times (every ~162.733930 steps)
INFO: Aggregated I/O statistics (set debug=1 for file-wise information)
	  3.752 MB written to files
	 62.000  B written to stdout/stderr
	For a total of   0.0575 MB/s

INFO: Lists updated 1241 times (every ~161.160355 steps)
INFO: Aggregated I/O statistics (set debug=1 for file-wise information)
	  3.752 MB written to files
	 62.000  B written to stdout/stderr
	For a total of   0.0601 MB/s

INFO: Lists updated 1215 times (every ~164.609053 steps)
INFO: Aggregated I/O statistics (set debug=1 for file-wise information)
	  3.751 MB written to files
	 62.000  B written to stdout/stderr
	For a total of   0.0588 MB/s

INFO: Lists updated 1224 times (every ~163.398693 steps)
INFO: Aggregated I/O statistics (set debug=1 for file-wise information)
	  3.752 MB written to files
	 62.000  B written to stdout/stderr
	For a total of   0.0571 MB/s

INFO: Lists updated 1228 times (every ~162.866450 steps)
INFO: Aggregated I/O statistics (set debug=1 for file-wise information)
	  3.751 MB written to files
	 62.000  B written to stdout/stderr
	For a total of   0.0533 MB/s

INFO: Lists updated 1215 times (every ~164.609053 steps)
INFO: Aggregated I/O statistics (set debug=1 for file-wise information)
	  3.752 MB written to files
	 62.000  B written to stdout/stderr
	For a total of   0.0495 MB/s

INFO: Lists updated 1209 times (every ~165.425972 steps)
INFO: Aggregated I/O statistics (set debug=1 for file-wise information)
	  3.752 MB written to files
	 62.000  B written to stdout/stderr
	For a total of   0.0507 MB/s

INFO: Lists updated 1235 times (every ~161.943320 steps)
INFO: Aggregated I/O statistics (set debug=1 for file-wise information)
	  3.752 MB written to files
	 62.000  B written to stdout/stderr
	For a total of   0.0493 MB/s

INFO: Lists updated 1228 times (every ~162.866450 steps)
INFO: Aggregated I/O statistics (set debug=1 for file-wise information)
	  3.752 MB written to files
	 62.000  B written to stdout/stderr
	For a total of   0.0493 MB/s

INFO: Lists updated 1233 times (every ~162.206002 steps)
INFO: Aggregated I/O statistics (set debug=1 for file-wise information)
	  3.752 MB written to files
	 62.000  B written to stdout/stderr
	For a total of   0.0507 MB/s

INFO: Lists updated 1223 times (every ~163.532298 steps)
INFO: Aggregated I/O statistics (set debug=1 for file-wise information)
	  3.751 MB written to files
	 62.000  B written to stdout/stderr
	For a total of   0.0496 MB/s

INFO: Lists updated 1215 times (every ~164.609053 steps)
INFO: Aggregated I/O statistics (set debug=1 for file-wise information)
	  3.751 MB written to files
	 62.000  B written to stdout/stderr
	For a total of   0.0498 MB/s

INFO: Lists updated 1225 times (every ~163.265306 steps)
INFO: Aggregated I/O statistics (set debug=1 for file-wise information)
	  3.752 MB written to files
	 62.000  B written to stdout/stderr
	For a total of   0.0471 MB/s

INFO: Lists updated 1224 times (every ~163.398693 steps)
INFO: Aggregated I/O statistics (set debug=1 for file-wise information)
	  3.752 MB written to files
	 62.000  B written to stdout/stderr
	For a total of   0.0477 MB/s

INFO: Lists updated 1228 times (every ~162.866450 steps)
INFO: Aggregated I/O statistics (set debug=1 for file-wise information)
	  3.752 MB written to files
	 62.000  B written to stdout/stderr
	For a total of    0.045 MB/s

INFO: Lists updated 1218 times (every ~164.203612 steps)
INFO: Aggregated I/O statistics (set debug=1 for file-wise information)
	  3.751 MB written to files
	 62.000  B written to stdout/stderr
	For a total of   0.0433 MB/s

INFO: Lists updated 1212 times (every ~165.016502 steps)
INFO: Aggregated I/O statistics (set debug=1 for file-wise information)
	  3.751 MB written to files
	 62.000  B written to stdout/stderr
	For a total of    0.047 MB/s

INFO: Lists updated 1220 times (every ~163.934426 steps)
INFO: Aggregated I/O statistics (set debug=1 for file-wise information)
	  3.751 MB written to files
	 62.000  B written to stdout/stderr
	For a total of   0.0461 MB/s

INFO: Lists updated 1233 times (every ~162.206002 steps)
INFO: Aggregated I/O statistics (set debug=1 for file-wise information)
	  3.751 MB written to files
	 62.000  B written to stdout/stderr
	For a total of   0.0433 MB/s

INFO: Lists updated 1219 times (every ~164.068909 steps)
INFO: Aggregated I/O statistics (set debug=1 for file-wise information)
	  3.751 MB written to files
	 62.000  B written to stdout/stderr
	For a total of   0.0428 MB/s

INFO: Lists updated 1227 times (every ~162.999185 steps)
INFO: Aggregated I/O statistics (set debug=1 for file-wise information)
	  3.751 MB written to files
	 62.000  B written to stdout/stderr
	For a total of   0.0466 MB/s

INFO: Lists updated 1211 times (every ~165.152766 steps)
INFO: Aggregated I/O statistics (set debug=1 for file-wise information)
	  3.752 MB written to files
	 62.000  B written to stdout/stderr
	For a total of   0.0467 MB/s

INFO: Lists updated 1221 times (every ~163.800164 steps)
INFO: Aggregated I/O statistics (set debug=1 for file-wise information)
	  3.751 MB written to files
	 62.000  B written to stdout/stderr
	For a total of   0.0467 MB/s

INFO: Lists updated 1231 times (every ~162.469537 steps)
INFO: Aggregated I/O statistics (set debug=1 for file-wise information)
	  3.751 MB written to files
	 62.000  B written to stdout/stderr
	For a total of   0.0464 MB/s

INFO: Lists updated 1224 times (every ~163.398693 steps)
INFO: Aggregated I/O statistics (set debug=1 for file-wise information)
	  3.751 MB written to files
	 62.000  B written to stdout/stderr
	For a total of   0.0423 MB/s

INFO: Lists updated 1218 times (every ~164.203612 steps)
INFO: Aggregated I/O statistics (set debug=1 for file-wise information)
	  3.752 MB written to files
	 62.000  B written to stdout/stderr
	For a total of   0.0428 MB/s

INFO: Lists updated 1220 times (every ~163.934426 steps)
INFO: Aggregated I/O statistics (set debug=1 for file-wise information)
	  3.752 MB written to files
	 62.000  B written to stdout/stderr
	For a total of   0.0412 MB/s

INFO: Lists updated 1225 times (every ~163.265306 steps)
INFO: Aggregated I/O statistics (set debug=1 for file-wise information)
	  3.751 MB written to files
	 62.000  B written to stdout/stderr
	For a total of   0.0418 MB/s

INFO: Lists updated 1225 times (every ~163.265306 steps)
INFO: Aggregated I/O statistics (set debug=1 for file-wise information)
	  3.751 MB written to files
	 62.000  B written to stdout/stderr
	For a total of   0.0444 MB/s

INFO: Lists updated 1226 times (every ~163.132137 steps)
INFO: Aggregated I/O statistics (set debug=1 for file-wise information)
	  3.752 MB written to files
	 62.000  B written to stdout/stderr
	For a total of   0.0445 MB/s

INFO: Lists updated 1196 times (every ~167.224080 steps)
INFO: Aggregated I/O statistics (set debug=1 for file-wise information)
	  3.751 MB written to files
	 62.000  B written to stdout/stderr
	For a total of   0.0431 MB/s

INFO: Lists updated 1211 times (every ~165.152766 steps)
INFO: Aggregated I/O statistics (set debug=1 for file-wise information)
	  3.751 MB written to files
	 62.000  B written to stdout/stderr
	For a total of   0.0413 MB/s

INFO: Lists updated 1213 times (every ~164.880462 steps)
INFO: Aggregated I/O statistics (set debug=1 for file-wise information)
	  3.751 MB written to files
	 62.000  B written to stdout/stderr
	For a total of   0.0419 MB/s

INFO: Lists updated 1240 times (every ~161.290323 steps)
INFO: Aggregated I/O statistics (set debug=1 for file-wise information)
	  3.752 MB written to files
	 62.000  B written to stdout/stderr
	For a total of   0.0439 MB/s

INFO: Lists updated 1222 times (every ~163.666121 steps)
INFO: Aggregated I/O statistics (set debug=1 for file-wise information)
	  3.752 MB written to files
	 62.000  B written to stdout/stderr
	For a total of    0.044 MB/s

INFO: Lists updated 1222 times (every ~163.666121 steps)
INFO: Aggregated I/O statistics (set debug=1 for file-wise information)
	  3.752 MB written to files
	 62.000  B written to stdout/stderr
	For a total of   0.0411 MB/s

INFO: Lists updated 1235 times (every ~161.943320 steps)
INFO: Aggregated I/O statistics (set debug=1 for file-wise information)
	  3.751 MB written to files
	 62.000  B written to stdout/stderr
	For a total of   0.0432 MB/s

INFO: Lists updated 1227 times (every ~162.999185 steps)
INFO: Aggregated I/O statistics (set debug=1 for file-wise information)
	  3.752 MB written to files
	 62.000  B written to stdout/stderr
	For a total of   0.0436 MB/s

INFO: Lists updated 1229 times (every ~162.733930 steps)
INFO: Aggregated I/O statistics (set debug=1 for file-wise information)
	  3.752 MB written to files
	 62.000  B written to stdout/stderr
	For a total of   0.0438 MB/s

INFO: Lists updated 1233 times (every ~162.206002 steps)
INFO: Aggregated I/O statistics (set debug=1 for file-wise information)
	  3.751 MB written to files
	 62.000  B written to stdout/stderr
	For a total of    0.042 MB/s

INFO: Lists updated 1222 times (every ~163.666121 steps)
INFO: Aggregated I/O statistics (set debug=1 for file-wise information)
	  3.751 MB written to files
	 62.000  B written to stdout/stderr
	For a total of   0.0436 MB/s

INFO: Lists updated 1224 times (every ~163.398693 steps)
INFO: Aggregated I/O statistics (set debug=1 for file-wise information)
	  3.750 MB written to files
	 62.000  B written to stdout/stderr
	For a total of   0.0403 MB/s

INFO: Lists updated 1219 times (every ~164.068909 steps)
INFO: Aggregated I/O statistics (set debug=1 for file-wise information)
	  3.752 MB written to files
	 62.000  B written to stdout/stderr
	For a total of   0.0398 MB/s

INFO: Lists updated 1232 times (every ~162.337662 steps)
INFO: Aggregated I/O statistics (set debug=1 for file-wise information)
	  3.753 MB written to files
	 62.000  B written to stdout/stderr
	For a total of   0.0398 MB/s

INFO: Lists updated 1225 times (every ~163.265306 steps)
INFO: Aggregated I/O statistics (set debug=1 for file-wise information)
	  3.752 MB written to files
	 62.000  B written to stdout/stderr
	For a total of   0.0402 MB/s

INFO: Lists updated 1216 times (every ~164.473684 steps)
INFO: Aggregated I/O statistics (set debug=1 for file-wise information)
	  3.751 MB written to files
	 62.000  B written to stdout/stderr
	For a total of   0.0397 MB/s

INFO: Lists updated 1223 times (every ~163.532298 steps)
INFO: Aggregated I/O statistics (set debug=1 for file-wise information)
	  3.751 MB written to files
	 62.000  B written to stdout/stderr
	For a total of   0.0424 MB/s

INFO: Lists updated 1214 times (every ~164.744646 steps)
INFO: Aggregated I/O statistics (set debug=1 for file-wise information)
	  3.752 MB written to files
	 62.000  B written to stdout/stderr
	For a total of   0.0396 MB/s

INFO: Lists updated 1219 times (every ~164.068909 steps)
INFO: Aggregated I/O statistics (set debug=1 for file-wise information)
	  3.751 MB written to files
	 62.000  B written to stdout/stderr
	For a total of   0.0433 MB/s

INFO: Lists updated 1215 times (every ~164.609053 steps)
INFO: Aggregated I/O statistics (set debug=1 for file-wise information)
	  3.751 MB written to files
	 62.000  B written to stdout/stderr
	For a total of   0.0436 MB/s

INFO: Lists updated 1224 times (every ~163.398693 steps)
INFO: Aggregated I/O statistics (set debug=1 for file-wise information)
	  3.752 MB written to files
	 62.000  B written to stdout/stderr
	For a total of   0.0436 MB/s

INFO: Lists updated 1214 times (every ~164.744646 steps)
INFO: Aggregated I/O statistics (set debug=1 for file-wise information)
	  3.752 MB written to files
	 62.000  B written to stdout/stderr
	For a total of   0.0431 MB/s

INFO: Lists updated 1239 times (every ~161.420500 steps)
INFO: Aggregated I/O statistics (set debug=1 for file-wise information)
	  3.751 MB written to files
	 62.000  B written to stdout/stderr
	For a total of     0.04 MB/s

INFO: Lists updated 1224 times (every ~163.398693 steps)
INFO: Aggregated I/O statistics (set debug=1 for file-wise information)
	  3.752 MB written to files
	 62.000  B written to stdout/stderr
	For a total of     0.04 MB/s

INFO: Lists updated 1219 times (every ~164.068909 steps)
INFO: Aggregated I/O statistics (set debug=1 for file-wise information)
	  3.752 MB written to files
	 62.000  B written to stdout/stderr
	For a total of   0.0401 MB/s

INFO: Lists updated 1229 times (every ~162.733930 steps)
INFO: Aggregated I/O statistics (set debug=1 for file-wise information)
	  3.752 MB written to files
	 62.000  B written to stdout/stderr
	For a total of   0.0447 MB/s

INFO: Lists updated 1222 times (every ~163.666121 steps)
INFO: Aggregated I/O statistics (set debug=1 for file-wise information)
	  3.752 MB written to files
	 62.000  B written to stdout/stderr
	For a total of   0.0433 MB/s

INFO: Lists updated 1221 times (every ~163.800164 steps)
INFO: Aggregated I/O statistics (set debug=1 for file-wise information)
	  3.751 MB written to files
	 62.000  B written to stdout/stderr
	For a total of   0.0439 MB/s

INFO: Lists updated 1227 times (every ~162.999185 steps)
INFO: Aggregated I/O statistics (set debug=1 for file-wise information)
	  3.751 MB written to files
	 62.000  B written to stdout/stderr
	For a total of   0.0421 MB/s

INFO: Lists updated 1228 times (every ~162.866450 steps)
INFO: Aggregated I/O statistics (set debug=1 for file-wise information)
	  3.752 MB written to files
	 62.000  B written to stdout/stderr
	For a total of   0.0446 MB/s

INFO: Lists updated 1223 times (every ~163.532298 steps)
INFO: Aggregated I/O statistics (set debug=1 for file-wise information)
	  3.751 MB written to files
	 62.000  B written to stdout/stderr
	For a total of   0.0428 MB/s

INFO: Lists updated 1230 times (every ~162.601626 steps)
INFO: Aggregated I/O statistics (set debug=1 for file-wise information)
	  3.752 MB written to files
	 62.000  B written to stdout/stderr
	For a total of   0.0448 MB/s

INFO: Lists updated 1214 times (every ~164.744646 steps)
INFO: Aggregated I/O statistics (set debug=1 for file-wise information)
	  3.752 MB written to files
	 62.000  B written to stdout/stderr
	For a total of    0.042 MB/s

INFO: Lists updated 1213 times (every ~164.880462 steps)
INFO: Aggregated I/O statistics (set debug=1 for file-wise information)
	  3.752 MB written to files
	 62.000  B written to stdout/stderr
	For a total of   0.0472 MB/s

INFO: Lists updated 1230 times (every ~162.601626 steps)
INFO: Aggregated I/O statistics (set debug=1 for file-wise information)
	  3.751 MB written to files
	 62.000  B written to stdout/stderr
	For a total of   0.0467 MB/s

INFO: Lists updated 1230 times (every ~162.601626 steps)
INFO: Aggregated I/O statistics (set debug=1 for file-wise information)
	  3.752 MB written to files
	 62.000  B written to stdout/stderr
	For a total of   0.0503 MB/s

INFO: Lists updated 1221 times (every ~163.800164 steps)
INFO: Aggregated I/O statistics (set debug=1 for file-wise information)
	  3.752 MB written to files
	 62.000  B written to stdout/stderr
	For a total of   0.0465 MB/s

INFO: Lists updated 1227 times (every ~162.999185 steps)
INFO: Aggregated I/O statistics (set debug=1 for file-wise information)
	  3.751 MB written to files
	 62.000  B written to stdout/stderr
	For a total of   0.0467 MB/s

INFO: Lists updated 1214 times (every ~164.744646 steps)
INFO: Aggregated I/O statistics (set debug=1 for file-wise information)
	  3.751 MB written to files
	 62.000  B written to stdout/stderr
	For a total of   0.0496 MB/s

INFO: Lists updated 1217 times (every ~164.338537 steps)
INFO: Aggregated I/O statistics (set debug=1 for file-wise information)
	  3.752 MB written to files
	 62.000  B written to stdout/stderr
	For a total of   0.0468 MB/s

INFO: Lists updated 1231 times (every ~162.469537 steps)
INFO: Aggregated I/O statistics (set debug=1 for file-wise information)
	  3.751 MB written to files
	 62.000  B written to stdout/stderr
	For a total of   0.0445 MB/s

INFO: Lists updated 1230 times (every ~162.601626 steps)
INFO: Aggregated I/O statistics (set debug=1 for file-wise information)
	  3.751 MB written to files
	 62.000  B written to stdout/stderr
	For a total of   0.0465 MB/s

INFO: Lists updated 1232 times (every ~162.337662 steps)
INFO: Aggregated I/O statistics (set debug=1 for file-wise information)
	  3.751 MB written to files
	 62.000  B written to stdout/stderr
	For a total of   0.0496 MB/s

INFO: Lists updated 1230 times (every ~162.601626 steps)
INFO: Aggregated I/O statistics (set debug=1 for file-wise information)
	  3.751 MB written to files
	 62.000  B written to stdout/stderr
	For a total of   0.0484 MB/s

INFO: Lists updated 1226 times (every ~163.132137 steps)
INFO: Aggregated I/O statistics (set debug=1 for file-wise information)
	  3.752 MB written to files
	 62.000  B written to stdout/stderr
	For a total of   0.0458 MB/s

INFO: Lists updated 1213 times (every ~164.880462 steps)
INFO: Aggregated I/O statistics (set debug=1 for file-wise information)
	  3.752 MB written to files
	 62.000  B written to stdout/stderr
	For a total of   0.0532 MB/s

INFO: Lists updated 1214 times (every ~164.744646 steps)
INFO: Aggregated I/O statistics (set debug=1 for file-wise information)
	  3.752 MB written to files
	 62.000  B written to stdout/stderr
	For a total of   0.0524 MB/s

INFO: Lists updated 1230 times (every ~162.601626 steps)
INFO: Aggregated I/O statistics (set debug=1 for file-wise information)
	  3.751 MB written to files
	 62.000  B written to stdout/stderr
	For a total of   0.0479 MB/s

INFO: Lists updated 1233 times (every ~162.206002 steps)
INFO: Aggregated I/O statistics (set debug=1 for file-wise information)
	  3.751 MB written to files
	 62.000  B written to stdout/stderr
	For a total of    0.048 MB/s

INFO: Lists updated 1231 times (every ~162.469537 steps)
INFO: Aggregated I/O statistics (set debug=1 for file-wise information)
	  3.751 MB written to files
	 62.000  B written to stdout/stderr
	For a total of   0.0482 MB/s

INFO: Lists updated 1232 times (every ~162.337662 steps)
INFO: Aggregated I/O statistics (set debug=1 for file-wise information)
	  3.751 MB written to files
	 62.000  B written to stdout/stderr
	For a total of   0.0532 MB/s

INFO: Lists updated 1213 times (every ~164.880462 steps)
INFO: Aggregated I/O statistics (set debug=1 for file-wise information)
	  3.752 MB written to files
	 62.000  B written to stdout/stderr
	For a total of   0.0461 MB/s

INFO: Lists updated 1212 times (every ~165.016502 steps)
INFO: Aggregated I/O statistics (set debug=1 for file-wise information)
	  3.752 MB written to files
	 62.000  B written to stdout/stderr
	For a total of   0.0529 MB/s

INFO: Lists updated 1221 times (every ~163.800164 steps)
INFO: Aggregated I/O statistics (set debug=1 for file-wise information)
	  3.752 MB written to files
	 62.000  B written to stdout/stderr
	For a total of   0.0511 MB/s

INFO: Lists updated 1230 times (every ~162.601626 steps)
INFO: Aggregated I/O statistics (set debug=1 for file-wise information)
	  3.752 MB written to files
	 62.000  B written to stdout/stderr
	For a total of   0.0572 MB/s

INFO: Lists updated 1212 times (every ~165.016502 steps)
INFO: Aggregated I/O statistics (set debug=1 for file-wise information)
	  3.752 MB written to files
	 62.000  B written to stdout/stderr
	For a total of   0.0527 MB/s

INFO: Lists updated 1223 times (every ~163.532298 steps)
INFO: Aggregated I/O statistics (set debug=1 for file-wise information)
	  3.752 MB written to files
	 62.000  B written to stdout/stderr
	For a total of    0.057 MB/s

INFO: Lists updated 1210 times (every ~165.289256 steps)
INFO: Aggregated I/O statistics (set debug=1 for file-wise information)
	  3.752 MB written to files
	 62.000  B written to stdout/stderr
	For a total of   0.0527 MB/s

INFO: Lists updated 1222 times (every ~163.666121 steps)
INFO: Aggregated I/O statistics (set debug=1 for file-wise information)
	  3.752 MB written to files
	 62.000  B written to stdout/stderr
	For a total of   0.0571 MB/s

INFO: Lists updated 1227 times (every ~162.999185 steps)
INFO: Aggregated I/O statistics (set debug=1 for file-wise information)
	  3.753 MB written to files
	 62.000  B written to stdout/stderr
	For a total of   0.0579 MB/s

INFO: Lists updated 1221 times (every ~163.800164 steps)
INFO: Aggregated I/O statistics (set debug=1 for file-wise information)
	  3.752 MB written to files
	 62.000  B written to stdout/stderr
	For a total of   0.0483 MB/s

INFO: Lists updated 1229 times (every ~162.733930 steps)
INFO: Aggregated I/O statistics (set debug=1 for file-wise information)
	  3.752 MB written to files
	 62.000  B written to stdout/stderr
	For a total of   0.0574 MB/s

INFO: Lists updated 1226 times (every ~163.132137 steps)
INFO: Aggregated I/O statistics (set debug=1 for file-wise information)
	  3.753 MB written to files
	 62.000  B written to stdout/stderr
	For a total of   0.0574 MB/s

INFO: Lists updated 1229 times (every ~162.733930 steps)
INFO: Aggregated I/O statistics (set debug=1 for file-wise information)
	  3.753 MB written to files
	 62.000  B written to stdout/stderr
	For a total of   0.0536 MB/s

INFO: Lists updated 1224 times (every ~163.398693 steps)
INFO: Aggregated I/O statistics (set debug=1 for file-wise information)
	  3.752 MB written to files
	 62.000  B written to stdout/stderr
	For a total of   0.0575 MB/s

INFO: Lists updated 1221 times (every ~163.800164 steps)
INFO: Aggregated I/O statistics (set debug=1 for file-wise information)
	  3.752 MB written to files
	 62.000  B written to stdout/stderr
	For a total of   0.0567 MB/s

INFO: Lists updated 1220 times (every ~163.934426 steps)
INFO: Aggregated I/O statistics (set debug=1 for file-wise information)
	  3.752 MB written to files
	 62.000  B written to stdout/stderr
	For a total of   0.0702 MB/s

INFO: Lists updated 1231 times (every ~162.469537 steps)
INFO: Aggregated I/O statistics (set debug=1 for file-wise information)
	  3.752 MB written to files
	646.000  B written to stdout/stderr
	For a total of   0.0607 MB/s

INFO: Lists updated 1232 times (every ~162.337662 steps)
INFO: Aggregated I/O statistics (set debug=1 for file-wise information)
	  3.753 MB written to files
	 62.000  B written to stdout/stderr
	For a total of   0.0591 MB/s

INFO: Lists updated 1225 times (every ~163.265306 steps)
INFO: Aggregated I/O statistics (set debug=1 for file-wise information)
	  3.752 MB written to files
	 62.000  B written to stdout/stderr
	For a total of   0.0562 MB/s

INFO: Lists updated 1208 times (every ~165.562914 steps)
INFO: Aggregated I/O statistics (set debug=1 for file-wise information)
	  3.752 MB written to files
	 62.000  B written to stdout/stderr
	For a total of   0.0574 MB/s

INFO: Lists updated 1227 times (every ~162.999185 steps)
INFO: Aggregated I/O statistics (set debug=1 for file-wise information)
	  3.752 MB written to files
	560.000  B written to stdout/stderr
	For a total of   0.0591 MB/s

INFO: Lists updated 1237 times (every ~161.681487 steps)
INFO: Aggregated I/O statistics (set debug=1 for file-wise information)
	  3.752 MB written to files
	560.000  B written to stdout/stderr
	For a total of   0.0537 MB/s

INFO: Lists updated 1230 times (every ~162.601626 steps)
INFO: Aggregated I/O statistics (set debug=1 for file-wise information)
	  3.752 MB written to files
	 62.000  B written to stdout/stderr
	For a total of   0.0535 MB/s

INFO: Lists updated 1222 times (every ~163.666121 steps)
INFO: Aggregated I/O statistics (set debug=1 for file-wise information)
	  3.752 MB written to files
	 62.000  B written to stdout/stderr
	For a total of   0.0538 MB/s

INFO: Lists updated 1238 times (every ~161.550889 steps)
INFO: Aggregated I/O statistics (set debug=1 for file-wise information)
	  3.752 MB written to files
	 62.000  B written to stdout/stderr
	For a total of   0.0519 MB/s

INFO: Lists updated 1218 times (every ~164.203612 steps)
INFO: Aggregated I/O statistics (set debug=1 for file-wise information)
	  3.752 MB written to files
	 62.000  B written to stdout/stderr
	For a total of   0.0541 MB/s

INFO: Lists updated 1222 times (every ~163.666121 steps)
INFO: Aggregated I/O statistics (set debug=1 for file-wise information)
	  3.751 MB written to files
	 62.000  B written to stdout/stderr
	For a total of   0.0542 MB/s

INFO: Lists updated 1225 times (every ~163.265306 steps)
INFO: Aggregated I/O statistics (set debug=1 for file-wise information)
	  3.752 MB written to files
	560.000  B written to stdout/stderr
	For a total of   0.0511 MB/s

INFO: Lists updated 1231 times (every ~162.469537 steps)
INFO: Aggregated I/O statistics (set debug=1 for file-wise information)
	  3.752 MB written to files
	 62.000  B written to stdout/stderr
	For a total of   0.0524 MB/s

INFO: Lists updated 1232 times (every ~162.337662 steps)
INFO: Aggregated I/O statistics (set debug=1 for file-wise information)
	  3.752 MB written to files
	 62.000  B written to stdout/stderr
	For a total of   0.0531 MB/s

INFO: Lists updated 1232 times (every ~162.337662 steps)
INFO: Aggregated I/O statistics (set debug=1 for file-wise information)
	  3.754 MB written to files
	 62.000  B written to stdout/stderr
	For a total of    0.048 MB/s

INFO: Lists updated 1221 times (every ~163.800164 steps)
INFO: Aggregated I/O statistics (set debug=1 for file-wise information)
	  3.751 MB written to files
	 62.000  B written to stdout/stderr
	For a total of   0.0471 MB/s

INFO: Lists updated 1216 times (every ~164.473684 steps)
INFO: Aggregated I/O statistics (set debug=1 for file-wise information)
	  3.751 MB written to files
	 62.000  B written to stdout/stderr
	For a total of   0.0458 MB/s

INFO: Lists updated 1232 times (every ~162.337662 steps)
INFO: Aggregated I/O statistics (set debug=1 for file-wise information)
	  3.751 MB written to files
	 62.000  B written to stdout/stderr
	For a total of   0.0468 MB/s

INFO: Lists updated 1229 times (every ~162.733930 steps)
INFO: Aggregated I/O statistics (set debug=1 for file-wise information)
	  3.751 MB written to files
	 62.000  B written to stdout/stderr
	For a total of   0.0448 MB/s

INFO: Lists updated 1212 times (every ~165.016502 steps)
INFO: Aggregated I/O statistics (set debug=1 for file-wise information)
	  3.752 MB written to files
	 62.000  B written to stdout/stderr
	For a total of   0.0449 MB/s

INFO: Lists updated 1217 times (every ~164.338537 steps)
INFO: Aggregated I/O statistics (set debug=1 for file-wise information)
	  3.751 MB written to files
	 62.000  B written to stdout/stderr
	For a total of   0.0464 MB/s

INFO: Lists updated 1230 times (every ~162.601626 steps)
INFO: Aggregated I/O statistics (set debug=1 for file-wise information)
	  3.752 MB written to files
	 62.000  B written to stdout/stderr
	For a total of    0.045 MB/s

INFO: Lists updated 1229 times (every ~162.733930 steps)
INFO: Aggregated I/O statistics (set debug=1 for file-wise information)
	  3.752 MB written to files
	 62.000  B written to stdout/stderr
	For a total of   0.0436 MB/s

INFO: Lists updated 1223 times (every ~163.532298 steps)
INFO: Aggregated I/O statistics (set debug=1 for file-wise information)
	  3.752 MB written to files
	 62.000  B written to stdout/stderr
	For a total of   0.0441 MB/s

INFO: Lists updated 1222 times (every ~163.666121 steps)
INFO: Aggregated I/O statistics (set debug=1 for file-wise information)
	  3.752 MB written to files
	 62.000  B written to stdout/stderr
	For a total of   0.0448 MB/s

INFO: Lists updated 1231 times (every ~162.469537 steps)
INFO: Aggregated I/O statistics (set debug=1 for file-wise information)
	  3.752 MB written to files
	 62.000  B written to stdout/stderr
	For a total of   0.0451 MB/s

INFO: Lists updated 1224 times (every ~163.398693 steps)
INFO: Aggregated I/O statistics (set debug=1 for file-wise information)
	  3.751 MB written to files
	 62.000  B written to stdout/stderr
	For a total of   0.0438 MB/s

INFO: Lists updated 1227 times (every ~162.999185 steps)
INFO: Aggregated I/O statistics (set debug=1 for file-wise information)
	  3.751 MB written to files
	 62.000  B written to stdout/stderr
	For a total of   0.0466 MB/s

INFO: Lists updated 1225 times (every ~163.265306 steps)
INFO: Aggregated I/O statistics (set debug=1 for file-wise information)
	  3.751 MB written to files
	 62.000  B written to stdout/stderr
	For a total of   0.0444 MB/s

INFO: Lists updated 1215 times (every ~164.609053 steps)
INFO: Aggregated I/O statistics (set debug=1 for file-wise information)
	  3.752 MB written to files
	646.000  B written to stdout/stderr
	For a total of   0.0449 MB/s

INFO: Lists updated 1221 times (every ~163.800164 steps)
INFO: Aggregated I/O statistics (set debug=1 for file-wise information)
	  3.753 MB written to files
	 62.000  B written to stdout/stderr
	For a total of    0.045 MB/s

INFO: Lists updated 1222 times (every ~163.666121 steps)
INFO: Aggregated I/O statistics (set debug=1 for file-wise information)
	  3.751 MB written to files
	 62.000  B written to stdout/stderr
	For a total of    0.044 MB/s

INFO: Lists updated 1227 times (every ~162.999185 steps)
INFO: Aggregated I/O statistics (set debug=1 for file-wise information)
	  3.752 MB written to files
	 62.000  B written to stdout/stderr
	For a total of   0.0423 MB/s

INFO: Lists updated 1235 times (every ~161.943320 steps)
INFO: Aggregated I/O statistics (set debug=1 for file-wise information)
	  3.752 MB written to files
	 62.000  B written to stdout/stderr
	For a total of   0.0418 MB/s

INFO: Lists updated 1212 times (every ~165.016502 steps)
INFO: Aggregated I/O statistics (set debug=1 for file-wise information)
	  3.752 MB written to files
	 62.000  B written to stdout/stderr
	For a total of   0.0438 MB/s

INFO: Lists updated 1229 times (every ~162.733930 steps)
INFO: Aggregated I/O statistics (set debug=1 for file-wise information)
	  3.751 MB written to files
	 62.000  B written to stdout/stderr
	For a total of   0.0439 MB/s

INFO: Lists updated 1224 times (every ~163.398693 steps)
INFO: Aggregated I/O statistics (set debug=1 for file-wise information)
	  3.752 MB written to files
	 62.000  B written to stdout/stderr
	For a total of   0.0416 MB/s

INFO: Lists updated 1230 times (every ~162.601626 steps)
INFO: Aggregated I/O statistics (set debug=1 for file-wise information)
	  3.753 MB written to files
	 62.000  B written to stdout/stderr
	For a total of    0.042 MB/s

INFO: Lists updated 1232 times (every ~162.337662 steps)
INFO: Aggregated I/O statistics (set debug=1 for file-wise information)
	  3.751 MB written to files
	 62.000  B written to stdout/stderr
	For a total of   0.0435 MB/s

INFO: Lists updated 1205 times (every ~165.975104 steps)
INFO: Aggregated I/O statistics (set debug=1 for file-wise information)
	  3.752 MB written to files
	 62.000  B written to stdout/stderr
	For a total of   0.0414 MB/s

INFO: Lists updated 1215 times (every ~164.609053 steps)
INFO: Aggregated I/O statistics (set debug=1 for file-wise information)
	  3.752 MB written to files
	 62.000  B written to stdout/stderr
	For a total of   0.0426 MB/s

INFO: Lists updated 1242 times (every ~161.030596 steps)
INFO: Aggregated I/O statistics (set debug=1 for file-wise information)
	  3.751 MB written to files
	 62.000  B written to stdout/stderr
	For a total of   0.0426 MB/s

INFO: Lists updated 1233 times (every ~162.206002 steps)
INFO: Aggregated I/O statistics (set debug=1 for file-wise information)
	  3.751 MB written to files
	 62.000  B written to stdout/stderr
	For a total of   0.0438 MB/s

INFO: Lists updated 1221 times (every ~163.800164 steps)
INFO: Aggregated I/O statistics (set debug=1 for file-wise information)
	  3.752 MB written to files
	 62.000  B written to stdout/stderr
	For a total of   0.0428 MB/s

INFO: Lists updated 1227 times (every ~162.999185 steps)
INFO: Aggregated I/O statistics (set debug=1 for file-wise information)
	  3.751 MB written to files
	 62.000  B written to stdout/stderr
	For a total of   0.0412 MB/s

INFO: Lists updated 1225 times (every ~163.265306 steps)
INFO: Aggregated I/O statistics (set debug=1 for file-wise information)
	  3.752 MB written to files
	 62.000  B written to stdout/stderr
	For a total of   0.0407 MB/s

INFO: Lists updated 1224 times (every ~163.398693 steps)
INFO: Aggregated I/O statistics (set debug=1 for file-wise information)
	  3.751 MB written to files
	 62.000  B written to stdout/stderr
	For a total of   0.0424 MB/s

INFO: Lists updated 1231 times (every ~162.469537 steps)
INFO: Aggregated I/O statistics (set debug=1 for file-wise information)
	  3.752 MB written to files
	 62.000  B written to stdout/stderr
	For a total of   0.0398 MB/s

INFO: Lists updated 1221 times (every ~163.800164 steps)
INFO: Aggregated I/O statistics (set debug=1 for file-wise information)
	  3.751 MB written to files
	 62.000  B written to stdout/stderr
	For a total of   0.0408 MB/s

INFO: Lists updated 1219 times (every ~164.068909 steps)
INFO: Aggregated I/O statistics (set debug=1 for file-wise information)
	  3.752 MB written to files
	 62.000  B written to stdout/stderr
	For a total of     0.04 MB/s

INFO: Lists updated 1237 times (every ~161.681487 steps)
INFO: Aggregated I/O statistics (set debug=1 for file-wise information)
	  3.751 MB written to files
	 62.000  B written to stdout/stderr
	For a total of   0.0406 MB/s

INFO: Lists updated 1222 times (every ~163.666121 steps)
INFO: Aggregated I/O statistics (set debug=1 for file-wise information)
	  3.751 MB written to files
	 62.000  B written to stdout/stderr
	For a total of   0.0433 MB/s

INFO: Lists updated 1234 times (every ~162.074554 steps)
INFO: Aggregated I/O statistics (set debug=1 for file-wise information)
	  3.751 MB written to files
	 62.000  B written to stdout/stderr
	For a total of   0.0404 MB/s

INFO: Lists updated 1240 times (every ~161.290323 steps)
INFO: Aggregated I/O statistics (set debug=1 for file-wise information)
	  3.750 MB written to files
	 62.000  B written to stdout/stderr
	For a total of   0.0417 MB/s

INFO: Lists updated 1207 times (every ~165.700083 steps)
INFO: Aggregated I/O statistics (set debug=1 for file-wise information)
	  3.752 MB written to files
	 62.000  B written to stdout/stderr
	For a total of   0.0424 MB/s

INFO: Lists updated 1214 times (every ~164.744646 steps)
INFO: Aggregated I/O statistics (set debug=1 for file-wise information)
	  3.752 MB written to files
	 62.000  B written to stdout/stderr
	For a total of   0.0415 MB/s

INFO: Lists updated 1217 times (every ~164.338537 steps)
INFO: Aggregated I/O statistics (set debug=1 for file-wise information)
	  3.751 MB written to files
	 62.000  B written to stdout/stderr
	For a total of    0.043 MB/s

INFO: Lists updated 1247 times (every ~160.384924 steps)
INFO: Aggregated I/O statistics (set debug=1 for file-wise information)
	  3.751 MB written to files
	 62.000  B written to stdout/stderr
	For a total of   0.0434 MB/s

INFO: Lists updated 1219 times (every ~164.068909 steps)
INFO: Aggregated I/O statistics (set debug=1 for file-wise information)
	  3.752 MB written to files
	 62.000  B written to stdout/stderr
	For a total of   0.0433 MB/s

INFO: Lists updated 1228 times (every ~162.866450 steps)
INFO: Aggregated I/O statistics (set debug=1 for file-wise information)
	  3.751 MB written to files
	 62.000  B written to stdout/stderr
	For a total of    0.044 MB/s

INFO: Lists updated 1233 times (every ~162.206002 steps)
INFO: Aggregated I/O statistics (set debug=1 for file-wise information)
	  3.751 MB written to files
	 62.000  B written to stdout/stderr
	For a total of   0.0449 MB/s

INFO: Lists updated 1223 times (every ~163.532298 steps)
INFO: Aggregated I/O statistics (set debug=1 for file-wise information)
	  3.751 MB written to files
	 62.000  B written to stdout/stderr
	For a total of    0.044 MB/s

INFO: Lists updated 1244 times (every ~160.771704 steps)
INFO: Aggregated I/O statistics (set debug=1 for file-wise information)
	  3.752 MB written to files
	 62.000  B written to stdout/stderr
	For a total of    0.045 MB/s

INFO: Lists updated 1233 times (every ~162.206002 steps)
INFO: Aggregated I/O statistics (set debug=1 for file-wise information)
	  3.752 MB written to files
	 62.000  B written to stdout/stderr
	For a total of   0.0413 MB/s

INFO: Lists updated 1229 times (every ~162.733930 steps)
INFO: Aggregated I/O statistics (set debug=1 for file-wise information)
	  3.751 MB written to files
	 62.000  B written to stdout/stderr
	For a total of   0.0418 MB/s

INFO: Lists updated 1210 times (every ~165.289256 steps)
INFO: Aggregated I/O statistics (set debug=1 for file-wise information)
	  3.752 MB written to files
	 62.000  B written to stdout/stderr
	For a total of   0.0452 MB/s

INFO: Lists updated 1237 times (every ~161.681487 steps)
INFO: Aggregated I/O statistics (set debug=1 for file-wise information)
	  3.752 MB written to files
	 62.000  B written to stdout/stderr
	For a total of    0.043 MB/s

INFO: Lists updated 1225 times (every ~163.265306 steps)
INFO: Aggregated I/O statistics (set debug=1 for file-wise information)
	  3.752 MB written to files
	 62.000  B written to stdout/stderr
	For a total of   0.0483 MB/s

INFO: Lists updated 1220 times (every ~163.934426 steps)
INFO: Aggregated I/O statistics (set debug=1 for file-wise information)
	  3.752 MB written to files
	 62.000  B written to stdout/stderr
	For a total of   0.0459 MB/s

INFO: Lists updated 1220 times (every ~163.934426 steps)
INFO: Aggregated I/O statistics (set debug=1 for file-wise information)
	  3.751 MB written to files
	 62.000  B written to stdout/stderr
	For a total of    0.047 MB/s

INFO: Lists updated 1227 times (every ~162.999185 steps)
INFO: Aggregated I/O statistics (set debug=1 for file-wise information)
	  3.751 MB written to files
	 62.000  B written to stdout/stderr
	For a total of   0.0505 MB/s

INFO: Lists updated 1230 times (every ~162.601626 steps)
INFO: Aggregated I/O statistics (set debug=1 for file-wise information)
	  3.751 MB written to files
	 62.000  B written to stdout/stderr
	For a total of   0.0508 MB/s

INFO: Lists updated 1228 times (every ~162.866450 steps)
INFO: Aggregated I/O statistics (set debug=1 for file-wise information)
	  3.751 MB written to files
	 62.000  B written to stdout/stderr
	For a total of   0.0508 MB/s

INFO: Lists updated 1220 times (every ~163.934426 steps)
INFO: Aggregated I/O statistics (set debug=1 for file-wise information)
	  3.752 MB written to files
	 62.000  B written to stdout/stderr
	For a total of   0.0514 MB/s

INFO: Lists updated 1225 times (every ~163.265306 steps)
INFO: Aggregated I/O statistics (set debug=1 for file-wise information)
	  3.750 MB written to files
	 62.000  B written to stdout/stderr
	For a total of    0.042 MB/s

INFO: Lists updated 1226 times (every ~163.132137 steps)
INFO: Aggregated I/O statistics (set debug=1 for file-wise information)
	  3.752 MB written to files
	 62.000  B written to stdout/stderr
	For a total of   0.0498 MB/s

INFO: Lists updated 1216 times (every ~164.473684 steps)
INFO: Aggregated I/O statistics (set debug=1 for file-wise information)
	  3.751 MB written to files
	 62.000  B written to stdout/stderr
	For a total of    0.052 MB/s

INFO: Lists updated 1219 times (every ~164.068909 steps)
INFO: Aggregated I/O statistics (set debug=1 for file-wise information)
	  3.751 MB written to files
	 62.000  B written to stdout/stderr
	For a total of   0.0533 MB/s

INFO: Lists updated 1230 times (every ~162.601626 steps)
INFO: Aggregated I/O statistics (set debug=1 for file-wise information)
	  3.753 MB written to files
	560.000  B written to stdout/stderr
	For a total of   0.0456 MB/s

INFO: Lists updated 1232 times (every ~162.337662 steps)
INFO: Aggregated I/O statistics (set debug=1 for file-wise information)
	  3.750 MB written to files
	 62.000  B written to stdout/stderr
	For a total of   0.0501 MB/s

INFO: Lists updated 1222 times (every ~163.666121 steps)
INFO: Lists updated 1228 times (every ~162.866450 steps)
INFO: Aggregated I/O statistics (set debug=1 for file-wise information)
	  3.751 MB written to files
	 62.000  B written to stdout/stderr
	For a total of   0.0605 MB/s

INFO: Aggregated I/O statistics (set debug=1 for file-wise information)
	  3.752 MB written to files
	 62.000  B written to stdout/stderr
	For a total of   0.0432 MB/s

INFO: Lists updated 1225 times (every ~163.265306 steps)
INFO: Aggregated I/O statistics (set debug=1 for file-wise information)
	  3.751 MB written to files
	638.000  B written to stdout/stderr
	For a total of   0.0533 MB/s

INFO: Lists updated 1222 times (every ~163.666121 steps)
INFO: Aggregated I/O statistics (set debug=1 for file-wise information)
	  3.752 MB written to files
	646.000  B written to stdout/stderr
	For a total of   0.0433 MB/s

INFO: Lists updated 1213 times (every ~164.880462 steps)
INFO: Aggregated I/O statistics (set debug=1 for file-wise information)
	  3.752 MB written to files
	 62.000  B written to stdout/stderr
	For a total of   0.0599 MB/s

INFO: Lists updated 1228 times (every ~162.866450 steps)
INFO: Aggregated I/O statistics (set debug=1 for file-wise information)
	  3.752 MB written to files
	 62.000  B written to stdout/stderr
	For a total of   0.0435 MB/s

INFO: Lists updated 1230 times (every ~162.601626 steps)
INFO: Aggregated I/O statistics (set debug=1 for file-wise information)
	  3.751 MB written to files
	 62.000  B written to stdout/stderr
	For a total of   0.0576 MB/s

INFO: Lists updated 1229 times (every ~162.733930 steps)
INFO: Aggregated I/O statistics (set debug=1 for file-wise information)
	  3.752 MB written to files
	 62.000  B written to stdout/stderr
	For a total of   0.0619 MB/s

INFO: Lists updated 1209 times (every ~165.425972 steps)
INFO: Aggregated I/O statistics (set debug=1 for file-wise information)
	  3.751 MB written to files
	 62.000  B written to stdout/stderr
	For a total of   0.0525 MB/s

INFO: Lists updated 1234 times (every ~162.074554 steps)
INFO: Aggregated I/O statistics (set debug=1 for file-wise information)
	  3.752 MB written to files
	 62.000  B written to stdout/stderr
	For a total of   0.0546 MB/s

INFO: Lists updated 1228 times (every ~162.866450 steps)
INFO: Aggregated I/O statistics (set debug=1 for file-wise information)
	  3.753 MB written to files
	560.000  B written to stdout/stderr
	For a total of   0.0468 MB/s

INFO: Lists updated 1222 times (every ~163.666121 steps)
INFO: Aggregated I/O statistics (set debug=1 for file-wise information)
	  3.751 MB written to files
	 62.000  B written to stdout/stderr
	For a total of   0.0448 MB/s

INFO: Lists updated 1228 times (every ~162.866450 steps)
INFO: Aggregated I/O statistics (set debug=1 for file-wise information)
	  3.750 MB written to files
	 62.000  B written to stdout/stderr
	For a total of   0.0491 MB/s

INFO: Lists updated 1227 times (every ~162.999185 steps)
INFO: Aggregated I/O statistics (set debug=1 for file-wise information)
	  3.751 MB written to files
	 62.000  B written to stdout/stderr
	For a total of   0.0553 MB/s

INFO: Lists updated 1221 times (every ~163.800164 steps)
INFO: Aggregated I/O statistics (set debug=1 for file-wise information)
	  3.750 MB written to files
	 62.000  B written to stdout/stderr
	For a total of   0.0573 MB/s

INFO: Lists updated 1224 times (every ~163.398693 steps)
INFO: Aggregated I/O statistics (set debug=1 for file-wise information)
	  3.751 MB written to files
	 62.000  B written to stdout/stderr
	For a total of   0.0535 MB/s

INFO: Lists updated 1219 times (every ~164.068909 steps)
INFO: Aggregated I/O statistics (set debug=1 for file-wise information)
	  3.752 MB written to files
	 62.000  B written to stdout/stderr
	For a total of   0.0469 MB/s

INFO: Lists updated 1228 times (every ~162.866450 steps)
INFO: Aggregated I/O statistics (set debug=1 for file-wise information)
	  3.751 MB written to files
	 62.000  B written to stdout/stderr
	For a total of   0.0477 MB/s

INFO: Lists updated 1225 times (every ~163.265306 steps)
INFO: Aggregated I/O statistics (set debug=1 for file-wise information)
	  3.752 MB written to files
	 62.000  B written to stdout/stderr
	For a total of   0.0514 MB/s

slurmstepd-all: error: *** JOB 7725 ON all CANCELLED AT 2023-10-25T13:08:26 ***
